<?xml version="1.0" encoding="UTF-8"?>
<!-- Generated by org.testng.reporters.JUnitReportReporter -->
<testsuite hostname="J-DEV" name="org.jgroups.protocols.S3_PING2Test" tests="32" failures="0" timestamp="16 Mar 2016 23:22:32 GMT" time="8.506" errors="0">
  <testcase name="testPreSignedUrlParserNoPrefix" time="0.000" classname="org.jgroups.protocols.S3_PING2Test"/>
  <testcase name="testCheckBucketExists" time="1.000" classname="org.jgroups.protocols.S3_PING2Test"/>
  <testcase name="testGenerateQueryStringAuthenticationWithBasicGet" time="0.000" classname="org.jgroups.protocols.S3_PING2Test"/>
  <testcase name="testPreSignedUrlParserWithComplexBucketName" time="0.000" classname="org.jgroups.protocols.S3_PING2Test"/>
  <testcase name="testPutBucketRequestPayment" time="0.422" classname="org.jgroups.protocols.S3_PING2Test"/>
  <testcase name="testUsingPreSignedUrlWhenNotSet" time="0.016" classname="org.jgroups.protocols.S3_PING2Test"/>
  <testcase name="testPreSignedUrlParserWithPrefix" time="0.000" classname="org.jgroups.protocols.S3_PING2Test"/>
  <testcase name="testListBucket" time="0.235" classname="org.jgroups.protocols.S3_PING2Test"/>
  <testcase name="testValidatePropertiesWithBothPreSignedSetToValidSubdirectory" time="0.000" classname="org.jgroups.protocols.S3_PING2Test"/>
  <testcase name="testGetAcl" time="0.207" classname="org.jgroups.protocols.S3_PING2Test"/>
  <testcase name="testPutBucketLogging" time="0.406" classname="org.jgroups.protocols.S3_PING2Test"/>
  <testcase name="testValidatePropertiesWithBothPreSignedSetToValid" time="0.000" classname="org.jgroups.protocols.S3_PING2Test"/>
  <testcase name="testValidatePropertiesWithBothPreSignedSetButNoBucket" time="0.000" classname="org.jgroups.protocols.S3_PING2Test"/>
  <testcase name="testGetBucketRequestPayment" time="0.187" classname="org.jgroups.protocols.S3_PING2Test"/>
  <testcase name="testGenerateQueryStringAuthenticationWithBasicPost" time="0.000" classname="org.jgroups.protocols.S3_PING2Test"/>
  <testcase name="testGeneratePreSignedUrlForDelete" time="0.640" classname="org.jgroups.protocols.S3_PING2Test"/>
  <testcase name="testDeleteBucket" time="0.000" classname="org.jgroups.protocols.S3_PING2Test"/>
  <testcase name="testGenerateQueryStringAuthenticationWithBasicPutAndHeaders" time="0.000" classname="org.jgroups.protocols.S3_PING2Test"/>
  <testcase name="testListAllMyBuckets" time="0.562" classname="org.jgroups.protocols.S3_PING2Test"/>
  <testcase name="testGetBucketLocation" time="2.439" classname="org.jgroups.protocols.S3_PING2Test"/>
  <testcase name="testValidatePropertiesWithPreSignedDeleteSet" time="0.000" classname="org.jgroups.protocols.S3_PING2Test"/>
  <testcase name="testGetObject" time="0.234" classname="org.jgroups.protocols.S3_PING2Test"/>
  <testcase name="testUsingPreSignedUrlWhenSet" time="0.000" classname="org.jgroups.protocols.S3_PING2Test"/>
  <testcase name="testGeneratePreSignedUrlForPut" time="0.000" classname="org.jgroups.protocols.S3_PING2Test"/>
  <testcase name="testValidatePropertiesWithBothPreSignedSetButNoFile" time="0.000" classname="org.jgroups.protocols.S3_PING2Test"/>
  <testcase name="testPutObject" time="0.219" classname="org.jgroups.protocols.S3_PING2Test"/>
  <testcase name="testValidatePropertiesWithPreSignedPutSet" time="0.000" classname="org.jgroups.protocols.S3_PING2Test"/>
  <testcase name="testPutAcl" time="1.297" classname="org.jgroups.protocols.S3_PING2Test"/>
  <testcase name="testValidatePropertiesWithBothPreSignedSetButTooManySubdirectories" time="0.000" classname="org.jgroups.protocols.S3_PING2Test"/>
  <testcase name="testDeleteObject" time="0.438" classname="org.jgroups.protocols.S3_PING2Test"/>
  <testcase name="testCreateBucket" time="0.016" classname="org.jgroups.protocols.S3_PING2Test"/>
  <testcase name="testGetBucketLogging" time="0.188" classname="org.jgroups.protocols.S3_PING2Test"/>
</testsuite> <!-- org.jgroups.protocols.S3_PING2Test -->
