<?xml version="1.0" encoding="UTF-8"?>
<!-- Generated by org.testng.reporters.JUnitReportReporter -->
<testsuite hostname="J-DEV" name="org.jgroups.protocols.aws.v4.requests.s3.AWS_AUTH4Test" tests="6" failures="0" timestamp="19 Mar 2016 20:29:31 GMT" time="6.705" errors="0">
  <testcase name="testGetObject" time="0.167" classname="org.jgroups.protocols.aws.v4.requests.s3.AWS_AUTH4Test"/>
  <testcase name="testPutObject" time="1.167" classname="org.jgroups.protocols.aws.v4.requests.s3.AWS_AUTH4Test"/>
  <testcase name="testListAllMyBuckets" time="0.672" classname="org.jgroups.protocols.aws.v4.requests.s3.AWS_AUTH4Test"/>
  <testcase name="testBucketExists" time="3.803" classname="org.jgroups.protocols.aws.v4.requests.s3.AWS_AUTH4Test"/>
  <testcase name="testGetPresignedURL" time="0.734" classname="org.jgroups.protocols.aws.v4.requests.s3.AWS_AUTH4Test"/>
  <testcase name="testGetBucketLocation" time="0.162" classname="org.jgroups.protocols.aws.v4.requests.s3.AWS_AUTH4Test"/>
</testsuite> <!-- org.jgroups.protocols.aws.v4.requests.s3.AWS_AUTH4Test -->
