<?xml version="1.0" encoding="UTF-8"?>
<!-- Generated by org.testng.reporters.JUnitReportReporter -->
<testsuite hostname="J-DEV" name="org.jgroups.protocols.S3_PING2Test" tests="32" failures="0" timestamp="20 Feb 2016 19:11:11 GMT" time="12.710" errors="0">
  <testcase name="testCheckBucketExists" time="1.018" classname="org.jgroups.protocols.S3_PING2Test"/>
  <testcase name="testGenerateQueryStringAuthenticationWithBasicGet" time="0.007" classname="org.jgroups.protocols.S3_PING2Test"/>
  <testcase name="testGetAcl" time="0.179" classname="org.jgroups.protocols.S3_PING2Test"/>
  <testcase name="testPreSignedUrlParserNoPrefix" time="0.002" classname="org.jgroups.protocols.S3_PING2Test"/>
  <testcase name="testPutBucketLogging" time="0.408" classname="org.jgroups.protocols.S3_PING2Test"/>
  <testcase name="testPreSignedUrlParserWithComplexBucketName" time="0.001" classname="org.jgroups.protocols.S3_PING2Test"/>
  <testcase name="testDeleteBucket" time="0.000" classname="org.jgroups.protocols.S3_PING2Test"/>
  <testcase name="testUsingPreSignedUrlWhenNotSet" time="0.000" classname="org.jgroups.protocols.S3_PING2Test"/>
  <testcase name="testPreSignedUrlParserWithPrefix" time="0.001" classname="org.jgroups.protocols.S3_PING2Test"/>
  <testcase name="testPutObject" time="0.855" classname="org.jgroups.protocols.S3_PING2Test"/>
  <testcase name="testPutAcl" time="5.004" classname="org.jgroups.protocols.S3_PING2Test"/>
  <testcase name="testGetObject" time="0.181" classname="org.jgroups.protocols.S3_PING2Test"/>
  <testcase name="testValidatePropertiesWithBothPreSignedSetToValidSubdirectory" time="0.001" classname="org.jgroups.protocols.S3_PING2Test"/>
  <testcase name="testDeleteObject" time="0.377" classname="org.jgroups.protocols.S3_PING2Test"/>
  <testcase name="testValidatePropertiesWithBothPreSignedSetToValid" time="0.000" classname="org.jgroups.protocols.S3_PING2Test"/>
  <testcase name="testValidatePropertiesWithBothPreSignedSetButNoBucket" time="0.001" classname="org.jgroups.protocols.S3_PING2Test"/>
  <testcase name="testGenerateQueryStringAuthenticationWithBasicPost" time="0.000" classname="org.jgroups.protocols.S3_PING2Test"/>
  <testcase name="testGeneratePreSignedUrlForDelete" time="0.137" classname="org.jgroups.protocols.S3_PING2Test"/>
  <testcase name="testGenerateQueryStringAuthenticationWithBasicPutAndHeaders" time="0.001" classname="org.jgroups.protocols.S3_PING2Test"/>
  <testcase name="testListAllMyBuckets" time="0.728" classname="org.jgroups.protocols.S3_PING2Test"/>
  <testcase name="testValidatePropertiesWithPreSignedDeleteSet" time="0.001" classname="org.jgroups.protocols.S3_PING2Test"/>
  <testcase name="testUsingPreSignedUrlWhenSet" time="0.001" classname="org.jgroups.protocols.S3_PING2Test"/>
  <testcase name="testGeneratePreSignedUrlForPut" time="0.002" classname="org.jgroups.protocols.S3_PING2Test"/>
  <testcase name="testListBucket" time="0.209" classname="org.jgroups.protocols.S3_PING2Test"/>
  <testcase name="testValidatePropertiesWithBothPreSignedSetButNoFile" time="0.000" classname="org.jgroups.protocols.S3_PING2Test"/>
  <testcase name="testPutBucketRequestPayment" time="0.412" classname="org.jgroups.protocols.S3_PING2Test"/>
  <testcase name="testValidatePropertiesWithPreSignedPutSet" time="0.001" classname="org.jgroups.protocols.S3_PING2Test"/>
  <testcase name="testValidatePropertiesWithBothPreSignedSetButTooManySubdirectories" time="0.001" classname="org.jgroups.protocols.S3_PING2Test"/>
  <testcase name="testGetBucketLocation" time="2.811" classname="org.jgroups.protocols.S3_PING2Test"/>
  <testcase name="testCreateBucket" time="0.004" classname="org.jgroups.protocols.S3_PING2Test"/>
  <testcase name="testGetBucketRequestPayment" time="0.170" classname="org.jgroups.protocols.S3_PING2Test"/>
  <testcase name="testGetBucketLogging" time="0.197" classname="org.jgroups.protocols.S3_PING2Test"/>
</testsuite> <!-- org.jgroups.protocols.S3_PING2Test -->
