<?xml version="1.0" encoding="UTF-8"?>
<!-- Generated by org.testng.reporters.JUnitReportReporter -->
<testsuite hostname="J-DEV" name="org.jgroups.protocols.aws.v4.requests.s3.AWS_AUTH4Test" tests="6" failures="0" timestamp="2 Jul 2016 15:02:11 GMT" time="18.994" errors="0">
  <testcase name="testBucketExists" time="0.746" classname="org.jgroups.protocols.aws.v4.requests.s3.AWS_AUTH4Test"/>
  <testcase name="testGetBucketLocation" time="0.177" classname="org.jgroups.protocols.aws.v4.requests.s3.AWS_AUTH4Test"/>
  <testcase name="testPutObject" time="3.775" classname="org.jgroups.protocols.aws.v4.requests.s3.AWS_AUTH4Test"/>
  <testcase name="testListAllMyBuckets" time="0.753" classname="org.jgroups.protocols.aws.v4.requests.s3.AWS_AUTH4Test"/>
  <testcase name="testGetObject" time="0.156" classname="org.jgroups.protocols.aws.v4.requests.s3.AWS_AUTH4Test"/>
  <testcase name="testGetPresignedURL" time="13.387" classname="org.jgroups.protocols.aws.v4.requests.s3.AWS_AUTH4Test"/>
</testsuite> <!-- org.jgroups.protocols.aws.v4.requests.s3.AWS_AUTH4Test -->
