<?xml version="1.0" encoding="UTF-8"?>
<!-- Generated by org.testng.reporters.JUnitReportReporter -->
<testsuite hostname="J-DEV" name="org.jgroups.protocols.aws.s3_ping2.S3_PING2Test" tests="32" failures="0" timestamp="2 Jul 2016 14:54:24 GMT" time="7.450" errors="0">
  <testcase name="testGenerateQueryStringAuthenticationWithBasicPutAndHeaders" time="0.000" classname="org.jgroups.protocols.aws.s3_ping2.S3_PING2Test"/>
  <testcase name="testPreSignedUrlParserWithPrefix" time="0.000" classname="org.jgroups.protocols.aws.s3_ping2.S3_PING2Test"/>
  <testcase name="testUsingPreSignedUrlWhenSet" time="0.000" classname="org.jgroups.protocols.aws.s3_ping2.S3_PING2Test"/>
  <testcase name="testPreSignedUrlParserWithComplexBucketName" time="0.000" classname="org.jgroups.protocols.aws.s3_ping2.S3_PING2Test"/>
  <testcase name="testGenerateQueryStringAuthenticationWithBasicGet" time="0.458" classname="org.jgroups.protocols.aws.s3_ping2.S3_PING2Test"/>
  <testcase name="testGenerateQueryStringAuthenticationWithBasicPost" time="0.015" classname="org.jgroups.protocols.aws.s3_ping2.S3_PING2Test"/>
  <testcase name="testListAllMyBuckets" time="0.421" classname="org.jgroups.protocols.aws.s3_ping2.S3_PING2Test"/>
  <testcase name="testCheckBucketExists" time="0.903" classname="org.jgroups.protocols.aws.s3_ping2.S3_PING2Test"/>
  <testcase name="testGetAcl" time="0.172" classname="org.jgroups.protocols.aws.s3_ping2.S3_PING2Test"/>
  <testcase name="testGetBucketLocation" time="2.183" classname="org.jgroups.protocols.aws.s3_ping2.S3_PING2Test"/>
  <testcase name="testPutObject" time="0.187" classname="org.jgroups.protocols.aws.s3_ping2.S3_PING2Test"/>
  <testcase name="testGetBucketRequestPayment" time="0.157" classname="org.jgroups.protocols.aws.s3_ping2.S3_PING2Test"/>
  <testcase name="testDeleteBucket" time="0.000" classname="org.jgroups.protocols.aws.s3_ping2.S3_PING2Test"/>
  <testcase name="testValidatePropertiesWithPreSignedPutSet" time="0.000" classname="org.jgroups.protocols.aws.s3_ping2.S3_PING2Test"/>
  <testcase name="testGeneratePreSignedUrlForPut" time="0.000" classname="org.jgroups.protocols.aws.s3_ping2.S3_PING2Test"/>
  <testcase name="testGeneratePreSignedUrlForDelete" time="0.094" classname="org.jgroups.protocols.aws.s3_ping2.S3_PING2Test"/>
  <testcase name="testPreSignedUrlParserNoPrefix" time="0.000" classname="org.jgroups.protocols.aws.s3_ping2.S3_PING2Test"/>
  <testcase name="testValidatePropertiesWithBothPreSignedSetToValid" time="0.000" classname="org.jgroups.protocols.aws.s3_ping2.S3_PING2Test"/>
  <testcase name="testCreateBucket" time="0.000" classname="org.jgroups.protocols.aws.s3_ping2.S3_PING2Test"/>
  <testcase name="testPutBucketRequestPayment" time="0.443" classname="org.jgroups.protocols.aws.s3_ping2.S3_PING2Test"/>
  <testcase name="testListBucket" time="0.193" classname="org.jgroups.protocols.aws.s3_ping2.S3_PING2Test"/>
  <testcase name="testDeleteObject" time="0.384" classname="org.jgroups.protocols.aws.s3_ping2.S3_PING2Test"/>
  <testcase name="testValidatePropertiesWithBothPreSignedSetButTooManySubdirectories" time="0.000" classname="org.jgroups.protocols.aws.s3_ping2.S3_PING2Test"/>
  <testcase name="testGetBucketLogging" time="0.176" classname="org.jgroups.protocols.aws.s3_ping2.S3_PING2Test"/>
  <testcase name="testPutAcl" time="1.070" classname="org.jgroups.protocols.aws.s3_ping2.S3_PING2Test"/>
  <testcase name="testGetObject" time="0.172" classname="org.jgroups.protocols.aws.s3_ping2.S3_PING2Test"/>
  <testcase name="testPutBucketLogging" time="0.406" classname="org.jgroups.protocols.aws.s3_ping2.S3_PING2Test"/>
  <testcase name="testValidatePropertiesWithPreSignedDeleteSet" time="0.000" classname="org.jgroups.protocols.aws.s3_ping2.S3_PING2Test"/>
  <testcase name="testUsingPreSignedUrlWhenNotSet" time="0.000" classname="org.jgroups.protocols.aws.s3_ping2.S3_PING2Test"/>
  <testcase name="testValidatePropertiesWithBothPreSignedSetButNoBucket" time="0.000" classname="org.jgroups.protocols.aws.s3_ping2.S3_PING2Test"/>
  <testcase name="testValidatePropertiesWithBothPreSignedSetToValidSubdirectory" time="0.016" classname="org.jgroups.protocols.aws.s3_ping2.S3_PING2Test"/>
  <testcase name="testValidatePropertiesWithBothPreSignedSetButNoFile" time="0.000" classname="org.jgroups.protocols.aws.s3_ping2.S3_PING2Test"/>
</testsuite> <!-- org.jgroups.protocols.aws.s3_ping2.S3_PING2Test -->
