<?xml version="1.0" encoding="UTF-8"?>
<!-- Generated by org.testng.reporters.JUnitReportReporter -->
<testsuite hostname="J-DEV" name="org.jgroups.protocols.aws.s3_ping2.S3_PING2Test" tests="32" failures="0" timestamp="4 Jul 2016 05:16:54 GMT" time="62.647" errors="0">
  <testcase name="testGenerateQueryStringAuthenticationWithBasicPutAndHeaders" time="0.001" classname="org.jgroups.protocols.aws.s3_ping2.S3_PING2Test"/>
  <testcase name="testUsingPreSignedUrlWhenNotSet" time="0.000" classname="org.jgroups.protocols.aws.s3_ping2.S3_PING2Test"/>
  <testcase name="testGetAcl" time="0.173" classname="org.jgroups.protocols.aws.s3_ping2.S3_PING2Test"/>
  <testcase name="testPreSignedUrlParserWithComplexBucketName" time="0.001" classname="org.jgroups.protocols.aws.s3_ping2.S3_PING2Test"/>
  <testcase name="testValidatePropertiesWithBothPreSignedSetButNoFile" time="0.000" classname="org.jgroups.protocols.aws.s3_ping2.S3_PING2Test"/>
  <testcase name="testGetBucketLocation" time="2.082" classname="org.jgroups.protocols.aws.s3_ping2.S3_PING2Test"/>
  <testcase name="testGetBucketLogging" time="0.166" classname="org.jgroups.protocols.aws.s3_ping2.S3_PING2Test"/>
  <testcase name="testCreateBucket" time="0.006" classname="org.jgroups.protocols.aws.s3_ping2.S3_PING2Test"/>
  <testcase name="testPreSignedUrlParserNoPrefix" time="0.002" classname="org.jgroups.protocols.aws.s3_ping2.S3_PING2Test"/>
  <testcase name="testValidatePropertiesWithPreSignedPutSet" time="0.001" classname="org.jgroups.protocols.aws.s3_ping2.S3_PING2Test"/>
  <testcase name="testListAllMyBuckets" time="0.437" classname="org.jgroups.protocols.aws.s3_ping2.S3_PING2Test"/>
  <testcase name="testPreSignedUrlParserWithPrefix" time="0.001" classname="org.jgroups.protocols.aws.s3_ping2.S3_PING2Test"/>
  <testcase name="testPutBucketLogging" time="0.364" classname="org.jgroups.protocols.aws.s3_ping2.S3_PING2Test"/>
  <testcase name="testDeleteBucket" time="0.001" classname="org.jgroups.protocols.aws.s3_ping2.S3_PING2Test"/>
  <testcase name="testGetObject" time="0.180" classname="org.jgroups.protocols.aws.s3_ping2.S3_PING2Test"/>
  <testcase name="testDeleteObject" time="0.343" classname="org.jgroups.protocols.aws.s3_ping2.S3_PING2Test"/>
  <testcase name="testGenerateQueryStringAuthenticationWithBasicPost" time="0.001" classname="org.jgroups.protocols.aws.s3_ping2.S3_PING2Test"/>
  <testcase name="testValidatePropertiesWithBothPreSignedSetToValid" time="47.664" classname="org.jgroups.protocols.aws.s3_ping2.S3_PING2Test"/>
  <testcase name="testValidatePropertiesWithBothPreSignedSetToValidSubdirectory" time="0.001" classname="org.jgroups.protocols.aws.s3_ping2.S3_PING2Test"/>
  <testcase name="testPutAcl" time="1.084" classname="org.jgroups.protocols.aws.s3_ping2.S3_PING2Test"/>
  <testcase name="testGeneratePreSignedUrlForDelete" time="8.224" classname="org.jgroups.protocols.aws.s3_ping2.S3_PING2Test"/>
  <testcase name="testPutBucketRequestPayment" time="0.377" classname="org.jgroups.protocols.aws.s3_ping2.S3_PING2Test"/>
  <testcase name="testGeneratePreSignedUrlForPut" time="0.000" classname="org.jgroups.protocols.aws.s3_ping2.S3_PING2Test"/>
  <testcase name="testValidatePropertiesWithBothPreSignedSetButNoBucket" time="0.000" classname="org.jgroups.protocols.aws.s3_ping2.S3_PING2Test"/>
  <testcase name="testValidatePropertiesWithBothPreSignedSetButTooManySubdirectories" time="0.001" classname="org.jgroups.protocols.aws.s3_ping2.S3_PING2Test"/>
  <testcase name="testListBucket" time="0.199" classname="org.jgroups.protocols.aws.s3_ping2.S3_PING2Test"/>
  <testcase name="testGenerateQueryStringAuthenticationWithBasicGet" time="0.002" classname="org.jgroups.protocols.aws.s3_ping2.S3_PING2Test"/>
  <testcase name="testCheckBucketExists" time="0.893" classname="org.jgroups.protocols.aws.s3_ping2.S3_PING2Test"/>
  <testcase name="testUsingPreSignedUrlWhenSet" time="0.001" classname="org.jgroups.protocols.aws.s3_ping2.S3_PING2Test"/>
  <testcase name="testPutObject" time="0.187" classname="org.jgroups.protocols.aws.s3_ping2.S3_PING2Test"/>
  <testcase name="testGetBucketRequestPayment" time="0.254" classname="org.jgroups.protocols.aws.s3_ping2.S3_PING2Test"/>
  <testcase name="testValidatePropertiesWithPreSignedDeleteSet" time="0.001" classname="org.jgroups.protocols.aws.s3_ping2.S3_PING2Test"/>
</testsuite> <!-- org.jgroups.protocols.aws.s3_ping2.S3_PING2Test -->
