<?xml version="1.0" encoding="UTF-8"?>
<!-- Generated by org.testng.reporters.JUnitReportReporter -->
<testsuite hostname="J-DEV" name="org.jgroups.protocols.S3_PING2Test" tests="32" failures="0" timestamp="25 Feb 2016 15:41:51 GMT" time="9.183" errors="0">
  <testcase name="testPutBucketRequestPayment" time="0.431" classname="org.jgroups.protocols.S3_PING2Test"/>
  <testcase name="testPreSignedUrlParserWithComplexBucketName" time="0.001" classname="org.jgroups.protocols.S3_PING2Test"/>
  <testcase name="testValidatePropertiesWithPreSignedPutSet" time="0.001" classname="org.jgroups.protocols.S3_PING2Test"/>
  <testcase name="testGeneratePreSignedUrlForPut" time="0.001" classname="org.jgroups.protocols.S3_PING2Test"/>
  <testcase name="testGenerateQueryStringAuthenticationWithBasicPutAndHeaders" time="0.001" classname="org.jgroups.protocols.S3_PING2Test"/>
  <testcase name="testValidatePropertiesWithBothPreSignedSetButTooManySubdirectories" time="0.000" classname="org.jgroups.protocols.S3_PING2Test"/>
  <testcase name="testGetObject" time="0.178" classname="org.jgroups.protocols.S3_PING2Test"/>
  <testcase name="testGenerateQueryStringAuthenticationWithBasicGet" time="0.013" classname="org.jgroups.protocols.S3_PING2Test"/>
  <testcase name="testUsingPreSignedUrlWhenNotSet" time="0.000" classname="org.jgroups.protocols.S3_PING2Test"/>
  <testcase name="testListBucket" time="0.203" classname="org.jgroups.protocols.S3_PING2Test"/>
  <testcase name="testGetAcl" time="0.179" classname="org.jgroups.protocols.S3_PING2Test"/>
  <testcase name="testPutObject" time="0.203" classname="org.jgroups.protocols.S3_PING2Test"/>
  <testcase name="testPutBucketLogging" time="0.505" classname="org.jgroups.protocols.S3_PING2Test"/>
  <testcase name="testGeneratePreSignedUrlForDelete" time="0.157" classname="org.jgroups.protocols.S3_PING2Test"/>
  <testcase name="testListAllMyBuckets" time="0.532" classname="org.jgroups.protocols.S3_PING2Test"/>
  <testcase name="testPutAcl" time="1.168" classname="org.jgroups.protocols.S3_PING2Test"/>
  <testcase name="testDeleteObject" time="0.345" classname="org.jgroups.protocols.S3_PING2Test"/>
  <testcase name="testGetBucketLogging" time="0.170" classname="org.jgroups.protocols.S3_PING2Test"/>
  <testcase name="testCreateBucket" time="0.005" classname="org.jgroups.protocols.S3_PING2Test"/>
  <testcase name="testPreSignedUrlParserWithPrefix" time="0.001" classname="org.jgroups.protocols.S3_PING2Test"/>
  <testcase name="testGenerateQueryStringAuthenticationWithBasicPost" time="0.002" classname="org.jgroups.protocols.S3_PING2Test"/>
  <testcase name="testValidatePropertiesWithBothPreSignedSetToValidSubdirectory" time="0.001" classname="org.jgroups.protocols.S3_PING2Test"/>
  <testcase name="testValidatePropertiesWithBothPreSignedSetButNoBucket" time="0.001" classname="org.jgroups.protocols.S3_PING2Test"/>
  <testcase name="testUsingPreSignedUrlWhenSet" time="0.001" classname="org.jgroups.protocols.S3_PING2Test"/>
  <testcase name="testPreSignedUrlParserNoPrefix" time="0.004" classname="org.jgroups.protocols.S3_PING2Test"/>
  <testcase name="testValidatePropertiesWithBothPreSignedSetToValid" time="0.000" classname="org.jgroups.protocols.S3_PING2Test"/>
  <testcase name="testGetBucketLocation" time="2.240" classname="org.jgroups.protocols.S3_PING2Test"/>
  <testcase name="testValidatePropertiesWithPreSignedDeleteSet" time="0.002" classname="org.jgroups.protocols.S3_PING2Test"/>
  <testcase name="testDeleteBucket" time="0.002" classname="org.jgroups.protocols.S3_PING2Test"/>
  <testcase name="testCheckBucketExists" time="0.953" classname="org.jgroups.protocols.S3_PING2Test"/>
  <testcase name="testValidatePropertiesWithBothPreSignedSetButNoFile" time="1.076" classname="org.jgroups.protocols.S3_PING2Test"/>
  <testcase name="testGetBucketRequestPayment" time="0.807" classname="org.jgroups.protocols.S3_PING2Test"/>
</testsuite> <!-- org.jgroups.protocols.S3_PING2Test -->
