<?xml version="1.0" encoding="UTF-8"?>
<!-- Generated by org.testng.reporters.JUnitReportReporter -->
<testsuite hostname="J-DEV" name="org.jgroups.protocols.aws.s3.AWS_AUTH4Test" tests="5" failures="0" timestamp="28 Dec 2015 23:19:46 GMT" time="3.321" errors="0">
  <testcase name="testPutObject" time="1.055" classname="org.jgroups.protocols.aws.s3.AWS_AUTH4Test"/>
  <testcase name="testGetService" time="0.465" classname="org.jgroups.protocols.aws.s3.AWS_AUTH4Test"/>
  <testcase name="testGetPresignedURL" time="0.761" classname="org.jgroups.protocols.aws.s3.AWS_AUTH4Test"/>
  <testcase name="testGetBucketLocation" time="0.863" classname="org.jgroups.protocols.aws.s3.AWS_AUTH4Test"/>
  <testcase name="testGetObject" time="0.177" classname="org.jgroups.protocols.aws.s3.AWS_AUTH4Test"/>
</testsuite> <!-- org.jgroups.protocols.aws.s3.AWS_AUTH4Test -->
