<?xml version="1.0" encoding="UTF-8"?>
<!-- Generated by org.testng.reporters.JUnitReportReporter -->
<testsuite hostname="J-DEV" name="org.jgroups.protocols.aws.s3_ping2.S3_PING2Test" tests="32" failures="0" timestamp="19 Mar 2016 19:37:44 GMT" time="13.764" errors="0">
  <testcase name="testListAllMyBuckets" time="0.525" classname="org.jgroups.protocols.aws.s3_ping2.S3_PING2Test"/>
  <testcase name="testPreSignedUrlParserWithComplexBucketName" time="0.000" classname="org.jgroups.protocols.aws.s3_ping2.S3_PING2Test"/>
  <testcase name="testUsingPreSignedUrlWhenSet" time="0.016" classname="org.jgroups.protocols.aws.s3_ping2.S3_PING2Test"/>
  <testcase name="testCreateBucket" time="0.000" classname="org.jgroups.protocols.aws.s3_ping2.S3_PING2Test"/>
  <testcase name="testPreSignedUrlParserNoPrefix" time="0.000" classname="org.jgroups.protocols.aws.s3_ping2.S3_PING2Test"/>
  <testcase name="testGetBucketRequestPayment" time="0.328" classname="org.jgroups.protocols.aws.s3_ping2.S3_PING2Test"/>
  <testcase name="testValidatePropertiesWithBothPreSignedSetToValidSubdirectory" time="0.000" classname="org.jgroups.protocols.aws.s3_ping2.S3_PING2Test"/>
  <testcase name="testValidatePropertiesWithBothPreSignedSetButNoBucket" time="0.000" classname="org.jgroups.protocols.aws.s3_ping2.S3_PING2Test"/>
  <testcase name="testGetBucketLogging" time="1.676" classname="org.jgroups.protocols.aws.s3_ping2.S3_PING2Test"/>
  <testcase name="testGenerateQueryStringAuthenticationWithBasicPutAndHeaders" time="0.000" classname="org.jgroups.protocols.aws.s3_ping2.S3_PING2Test"/>
  <testcase name="testGenerateQueryStringAuthenticationWithBasicGet" time="0.000" classname="org.jgroups.protocols.aws.s3_ping2.S3_PING2Test"/>
  <testcase name="testGetAcl" time="0.188" classname="org.jgroups.protocols.aws.s3_ping2.S3_PING2Test"/>
  <testcase name="testValidatePropertiesWithBothPreSignedSetButTooManySubdirectories" time="0.000" classname="org.jgroups.protocols.aws.s3_ping2.S3_PING2Test"/>
  <testcase name="testValidatePropertiesWithBothPreSignedSetButNoFile" time="0.000" classname="org.jgroups.protocols.aws.s3_ping2.S3_PING2Test"/>
  <testcase name="testCheckBucketExists" time="0.966" classname="org.jgroups.protocols.aws.s3_ping2.S3_PING2Test"/>
  <testcase name="testGeneratePreSignedUrlForDelete" time="0.547" classname="org.jgroups.protocols.aws.s3_ping2.S3_PING2Test"/>
  <testcase name="testGetObject" time="0.172" classname="org.jgroups.protocols.aws.s3_ping2.S3_PING2Test"/>
  <testcase name="testDeleteBucket" time="0.000" classname="org.jgroups.protocols.aws.s3_ping2.S3_PING2Test"/>
  <testcase name="testListBucket" time="0.172" classname="org.jgroups.protocols.aws.s3_ping2.S3_PING2Test"/>
  <testcase name="testValidatePropertiesWithPreSignedDeleteSet" time="0.000" classname="org.jgroups.protocols.aws.s3_ping2.S3_PING2Test"/>
  <testcase name="testGeneratePreSignedUrlForPut" time="0.000" classname="org.jgroups.protocols.aws.s3_ping2.S3_PING2Test"/>
  <testcase name="testValidatePropertiesWithBothPreSignedSetToValid" time="0.000" classname="org.jgroups.protocols.aws.s3_ping2.S3_PING2Test"/>
  <testcase name="testPutBucketRequestPayment" time="0.360" classname="org.jgroups.protocols.aws.s3_ping2.S3_PING2Test"/>
  <testcase name="testPutObject" time="0.187" classname="org.jgroups.protocols.aws.s3_ping2.S3_PING2Test"/>
  <testcase name="testDeleteObject" time="0.829" classname="org.jgroups.protocols.aws.s3_ping2.S3_PING2Test"/>
  <testcase name="testUsingPreSignedUrlWhenNotSet" time="0.000" classname="org.jgroups.protocols.aws.s3_ping2.S3_PING2Test"/>
  <testcase name="testValidatePropertiesWithPreSignedPutSet" time="0.000" classname="org.jgroups.protocols.aws.s3_ping2.S3_PING2Test"/>
  <testcase name="testGenerateQueryStringAuthenticationWithBasicPost" time="0.000" classname="org.jgroups.protocols.aws.s3_ping2.S3_PING2Test"/>
  <testcase name="testPutBucketLogging" time="0.391" classname="org.jgroups.protocols.aws.s3_ping2.S3_PING2Test"/>
  <testcase name="testPreSignedUrlParserWithPrefix" time="0.000" classname="org.jgroups.protocols.aws.s3_ping2.S3_PING2Test"/>
  <testcase name="testPutAcl" time="1.140" classname="org.jgroups.protocols.aws.s3_ping2.S3_PING2Test"/>
  <testcase name="testGetBucketLocation" time="6.267" classname="org.jgroups.protocols.aws.s3_ping2.S3_PING2Test"/>
</testsuite> <!-- org.jgroups.protocols.aws.s3_ping2.S3_PING2Test -->
