<?xml version="1.0" encoding="UTF-8"?>
<!-- Generated by org.testng.reporters.JUnitReportReporter -->
<testsuite hostname="J-DEV" name="org.jgroups.protocols.aws.v4.requests.s3.AWS_AUTH4Test" tests="6" failures="0" timestamp="4 Jan 2016 23:08:51 GMT" time="3.359" errors="0">
  <testcase name="testGetPresignedURL" time="0.775" classname="org.jgroups.protocols.aws.v4.requests.s3.AWS_AUTH4Test"/>
  <testcase name="testBucketExists" time="0.789" classname="org.jgroups.protocols.aws.v4.requests.s3.AWS_AUTH4Test"/>
  <testcase name="testListAllMyBuckets" time="0.719" classname="org.jgroups.protocols.aws.v4.requests.s3.AWS_AUTH4Test"/>
  <testcase name="testGetObject" time="0.167" classname="org.jgroups.protocols.aws.v4.requests.s3.AWS_AUTH4Test"/>
  <testcase name="testPutObject" time="0.726" classname="org.jgroups.protocols.aws.v4.requests.s3.AWS_AUTH4Test"/>
  <testcase name="testGetBucketLocation" time="0.183" classname="org.jgroups.protocols.aws.v4.requests.s3.AWS_AUTH4Test"/>
</testsuite> <!-- org.jgroups.protocols.aws.v4.requests.s3.AWS_AUTH4Test -->
